<?xml version="1.0" encoding="UTF-8"?>
<testng-results skipped="0" failed="0" total="1" passed="1">
  <reporter-output>
    <line>
      <![CDATA[Starting beforeSuite]]>
    </line>
    <line>
      <![CDATA[beforeSuite done]]>
    </line>
    <line>
      <![CDATA[Starting test]]>
    </line>
    <line>
      <![CDATA[One way flight search]]>
    </line>
    <line>
      <![CDATA[Test done]]>
    </line>
    <line>
      <![CDATA[Starting teardown]]>
    </line>
    <line>
      <![CDATA[Before suite done]]>
    </line>
    <line>
      <![CDATA[teardown done]]>
    </line>
    <line>
      <![CDATA[cleanup done]]>
    </line>
  </reporter-output>
  <suite name="Gradle suite" duration-ms="39836" started-at="2018-12-06T02:54:07Z" finished-at="2018-12-06T02:54:47Z">
    <groups>
      <group name="flight">
        <method signature="SearchFlight.testFights()[pri:0, instance:SearchFlight@51175482]" name="testFights" class="SearchFlight"/>
      </group> <!-- flight -->
    </groups>
    <test name="Gradle test" duration-ms="39836" started-at="2018-12-06T02:54:07Z" finished-at="2018-12-06T02:54:47Z">
      <class name="SearchFlight">
        <test-method status="PASS" signature="beforeSuite()[pri:0, instance:SearchFlight@51175482]" name="beforeSuite" is-config="true" duration-ms="1569" started-at="2018-12-05T21:54:05Z" finished-at="2018-12-05T21:54:07Z">
          <reporter-output>
            <line>
              <![CDATA[Starting beforeSuite]]>
            </line>
            <line>
              <![CDATA[beforeSuite done]]>
            </line>
          </reporter-output>
        </test-method> <!-- beforeSuite -->
        <test-method status="PASS" signature="testFights()[pri:0, instance:SearchFlight@51175482]" name="testFights" duration-ms="36686" started-at="2018-12-05T21:54:07Z" finished-at="2018-12-05T21:54:44Z">
          <reporter-output>
            <line>
              <![CDATA[Starting test]]>
            </line>
            <line>
              <![CDATA[One way flight search]]>
            </line>
            <line>
              <![CDATA[Test done]]>
            </line>
          </reporter-output>
        </test-method> <!-- testFights -->
        <test-method status="PASS" signature="tearDown()[pri:0, instance:SearchFlight@51175482]" name="tearDown" is-config="true" duration-ms="3142" started-at="2018-12-05T21:54:44Z" finished-at="2018-12-05T21:54:47Z">
          <reporter-output>
            <line>
              <![CDATA[Starting teardown]]>
            </line>
            <line>
              <![CDATA[Before suite done]]>
            </line>
            <line>
              <![CDATA[teardown done]]>
            </line>
          </reporter-output>
        </test-method> <!-- tearDown -->
        <test-method status="PASS" signature="cleanUp()[pri:0, instance:SearchFlight@51175482]" name="cleanUp" is-config="true" duration-ms="3" started-at="2018-12-05T21:54:47Z" finished-at="2018-12-05T21:54:47Z">
          <reporter-output>
            <line>
              <![CDATA[cleanup done]]>
            </line>
          </reporter-output>
        </test-method> <!-- cleanUp -->
      </class> <!-- SearchFlight -->
    </test> <!-- Gradle test -->
  </suite> <!-- Gradle suite -->
</testng-results>
